[debug] [2026-05-03T18:21:30.111Z] ----------------------------------------------------------------------
[debug] [2026-05-03T18:21:30.113Z] Command:       /home/juan/.nvm/versions/node/v22.13.0/bin/node /home/juan/.nvm/versions/node/v22.13.0/bin/firebase init
[debug] [2026-05-03T18:21:30.114Z] CLI Version:   15.16.0
[debug] [2026-05-03T18:21:30.114Z] Platform:      linux
[debug] [2026-05-03T18:21:30.114Z] Node Version:  v22.13.0
[debug] [2026-05-03T18:21:30.114Z] Time:          Sun May 03 2026 15:21:30 GMT-0300 (Horário Padrão de Brasília)
[debug] [2026-05-03T18:21:30.114Z] ----------------------------------------------------------------------
[debug] 
[debug] [2026-05-03T18:21:30.117Z] >>> [apiv2][query] GET https://firebase-public.firebaseio.com/cli.json [none]
[info] 
     ######## #### ########  ######## ########     ###     ######  ########
     ##        ##  ##     ## ##       ##     ##  ##   ##  ##       ##
     ######    ##  ########  ######   ########  #########  ######  ######
     ##        ##  ##    ##  ##       ##     ## ##     ##       ## ##
     ##       #### ##     ## ######## ########  ##     ##  ######  ########

You're about to initialize a Firebase project in this directory:

  /home/juan/TCC/leitura-encantada

[debug] [2026-05-03T18:21:32.527Z] <<< [apiv2][status] GET https://firebase-public.firebaseio.com/cli.json 200
[debug] [2026-05-03T18:21:32.527Z] <<< [apiv2][body] GET https://firebase-public.firebaseio.com/cli.json {"cloudBuildErrorAfter":1594252800000,"cloudBuildWarnAfter":1590019200000,"defaultNode10After":1594252800000,"minVersion":"3.0.5","node8DeploysDisabledAfter":1613390400000,"node8RuntimeDisabledAfter":1615809600000,"node8WarnAfter":1600128000000}
[debug] [2026-05-03T18:21:42.822Z] ExitPromptError: User force closed the prompt with SIGINT
    at Interface.sigint (/home/juan/.nvm/versions/node/v22.13.0/lib/node_modules/firebase-tools/node_modules/@inquirer/core/dist/commonjs/lib/create-prompt.js:101:37)
    at Interface.emit (node:events:524:28)
    at [_ttyWrite] [as _ttyWrite] (node:internal/readline/interface:1124:18)
    at ReadStream.onkeypress (node:internal/readline/interface:263:20)
    at ReadStream.emit (node:events:536:35)
    at emitKeys (node:internal/readline/utils:370:14)
    at emitKeys.next (<anonymous>)
    at ReadStream.onData (node:internal/readline/emitKeypressEvents:64:36)
    at ReadStream.emit (node:events:524:28)
    at addChunk (node:internal/streams/readable:561:12)
[error] 
[error] Error: An unexpected error has occurred.
